2019-05-31 08:53:56,877 INFO Starting Nacos v1.0.0 on WINDOWS-P7LTBUH with PID 1304 (D:\迅雷下载\nacos\target\nacos-server.jar started by EDZ in D:\迅雷下载\nacos\bin)

2019-05-31 08:53:56,886 INFO The following profiles are active: standalone

2019-05-31 08:54:02,700 INFO Bean 'org.springframework.security.config.annotation.configuration.ObjectPostProcessorConfiguration' of type [org.springframework.security.config.annotation.configuration.ObjectPostProcessorConfiguration$$EnhancerBySpringCGLIB$$f0a3991] is not eligible for getting processed by all BeanPostProcessors (for example: not eligible for auto-proxying)

2019-05-31 08:54:03,013 INFO Bean 'objectPostProcessor' of type [org.springframework.security.config.annotation.configuration.AutowireBeanFactoryObjectPostProcessor] is not eligible for getting processed by all BeanPostProcessors (for example: not eligible for auto-proxying)

2019-05-31 08:54:03,096 INFO Bean 'org.springframework.security.access.expression.method.DefaultMethodSecurityExpressionHandler@7526515b' of type [org.springframework.security.access.expression.method.DefaultMethodSecurityExpressionHandler] is not eligible for getting processed by all BeanPostProcessors (for example: not eligible for auto-proxying)

2019-05-31 08:54:03,195 INFO Bean 'org.springframework.security.config.annotation.method.configuration.GlobalMethodSecurityConfiguration' of type [org.springframework.security.config.annotation.method.configuration.GlobalMethodSecurityConfiguration$$EnhancerBySpringCGLIB$$33dedc43] is not eligible for getting processed by all BeanPostProcessors (for example: not eligible for auto-proxying)

2019-05-31 08:54:03,219 INFO Bean 'methodSecurityMetadataSource' of type [org.springframework.security.access.method.DelegatingMethodSecurityMetadataSource] is not eligible for getting processed by all BeanPostProcessors (for example: not eligible for auto-proxying)

2019-05-31 08:54:05,258 INFO Tomcat initialized with port(s): 8848 (http)

2019-05-31 08:54:05,329 INFO Starting service [Tomcat]

2019-05-31 08:54:05,329 INFO Starting Servlet Engine: Apache Tomcat/9.0.13

2019-05-31 08:54:05,355 INFO The APR based Apache Tomcat Native library which allows optimal performance in production environments was not found on the java.library.path: [C:\Program Files\Java\jdk1.8.0_171\bin;C:\Windows\Sun\Java\bin;C:\Windows\system32;C:\Windows;C:\Program Files (x86)\NetSarang\Xftp 6\;C:\Program Files (x86)\NetSarang\Xshell 6\;C:\Program Files (x86)\Common Files\Oracle\Java\javapath;C:\Windows\system32;C:\Windows;C:\Windows\System32\Wbem;C:\Windows\System32\WindowsPowerShell\v1.0\;C:\Program Files (x86)\Intel\Services\IPT\;C:\Program Files\Java\jdk1.8.0_171\bin;C:\Program Files\Java\jdk1.8.0_171\jre\bin;D:\apache-maven-3.6.1\bin;D:\SVN\bin;C:\Program Files\SynRoute\SPSDK;.]

2019-05-31 08:54:05,645 INFO Initializing Spring embedded WebApplicationContext

2019-05-31 08:54:05,645 INFO Root WebApplicationContext: initialization completed in 8619 ms

2019-05-31 08:54:15,175 INFO Use Mysql as the driver

2019-05-31 08:54:16,239 INFO Initializing ExecutorService 'applicationTaskExecutor'

2019-05-31 08:54:17,296 INFO Adding welcome page: class path resource [static/index.html]

2019-05-31 08:54:18,267 INFO Creating filter chain: Ant [pattern='/'], []

2019-05-31 08:54:18,388 INFO Creating filter chain: Ant [pattern='/**/*.css'], []

2019-05-31 08:54:18,529 INFO Creating filter chain: Ant [pattern='/**/*.js'], []

2019-05-31 08:54:18,548 INFO Creating filter chain: Ant [pattern='/**/*.html'], []

2019-05-31 08:54:18,571 INFO Creating filter chain: Ant [pattern='/**/*.map'], []

2019-05-31 08:54:18,625 INFO Creating filter chain: Ant [pattern='/**/*.svg'], []

2019-05-31 08:54:18,743 INFO Creating filter chain: Ant [pattern='/**/*.png'], []

2019-05-31 08:54:18,775 INFO Creating filter chain: Ant [pattern='/**/*.ico'], []

2019-05-31 08:54:18,907 INFO Creating filter chain: Ant [pattern='/console-fe/public/**'], []

2019-05-31 08:54:18,956 INFO Creating filter chain: Ant [pattern='/v1/auth/login'], []

2019-05-31 08:54:19,009 INFO Creating filter chain: Ant [pattern='/v1/console/health/**'], []

2019-05-31 08:54:19,036 INFO Creating filter chain: Ant [pattern='/v1/cs/**'], []

2019-05-31 08:54:19,064 INFO Creating filter chain: Ant [pattern='/v1/ns/**'], []

2019-05-31 08:54:19,069 INFO Creating filter chain: Ant [pattern='/v1/cmdb/**'], []

2019-05-31 08:54:19,079 INFO Creating filter chain: Ant [pattern='/actuator/**'], []

2019-05-31 08:54:19,080 INFO Creating filter chain: Ant [pattern='/v1/console/server/**'], []

2019-05-31 08:54:19,170 INFO Creating filter chain: any request, [org.springframework.security.web.context.request.async.WebAsyncManagerIntegrationFilter@470a696f, org.springframework.security.web.context.SecurityContextPersistenceFilter@773f7880, org.springframework.security.web.header.HeaderWriterFilter@55e8ec2f, org.springframework.security.web.authentication.logout.LogoutFilter@773cbf4f, com.alibaba.nacos.console.filter.JwtAuthenticationTokenFilter@1bc715b8, org.springframework.security.web.savedrequest.RequestCacheAwareFilter@426b6a74, org.springframework.security.web.servletapi.SecurityContextHolderAwareRequestFilter@42a9e5d1, org.springframework.security.web.authentication.AnonymousAuthenticationFilter@292d1c71, org.springframework.security.web.session.SessionManagementFilter@6d24ffa1, org.springframework.security.web.access.ExceptionTranslationFilter@74cadd41, org.springframework.security.web.access.intercept.FilterSecurityInterceptor@6c8bca63]

2019-05-31 08:54:19,474 INFO Exposing 2 endpoint(s) beneath base path '/actuator'

2019-05-31 08:54:19,598 INFO Initializing ExecutorService 'taskScheduler'

2019-05-31 08:54:20,034 INFO Tomcat started on port(s): 8848 (http) with context path '/nacos'

2019-05-31 08:54:20,046 INFO Started Nacos in 26.297 seconds (JVM running for 27.766)

2019-05-31 08:54:20,046 INFO Nacos Log files: D:\迅雷下载\nacos/logs/

2019-05-31 08:54:20,050 INFO Nacos Conf files: D:\迅雷下载\nacos/conf/

2019-05-31 08:54:20,060 INFO Nacos Data files: D:\迅雷下载\nacos/data/

2019-05-31 08:54:20,064 INFO Nacos started successfully in stand alone mode.

2019-05-31 08:54:20,220 INFO Initializing Spring DispatcherServlet 'dispatcherServlet'

2019-05-31 08:54:20,220 INFO Initializing Servlet 'dispatcherServlet'

2019-05-31 08:54:20,251 INFO Completed initialization in 31 ms

2019-05-31 08:54:32,511 ERROR Responding with unauthorized error. Message - Full authentication is required to access this resource

2019-05-31 09:04:12,287 INFO [capacityManagement] start correct usage

2019-05-31 09:04:12,322 INFO [capacityManagement] end correct usage, cost: 0s

2019-05-31 09:04:12,681 WARN clearConfigHistory start

2019-05-31 09:14:12,336 INFO [capacityManagement] start correct usage

2019-05-31 09:14:12,338 INFO [capacityManagement] end correct usage, cost: 0s

2019-05-31 09:14:12,708 WARN clearConfigHistory start

2019-05-31 09:24:12,351 INFO [capacityManagement] start correct usage

2019-05-31 09:24:12,352 INFO [capacityManagement] end correct usage, cost: 0s

2019-05-31 09:24:12,723 WARN clearConfigHistory start

2019-05-31 09:34:12,369 INFO [capacityManagement] start correct usage

2019-05-31 09:34:12,373 INFO [capacityManagement] end correct usage, cost: 0s

2019-05-31 09:34:12,739 WARN clearConfigHistory start

2019-05-31 09:44:12,387 INFO [capacityManagement] start correct usage

2019-05-31 09:44:12,397 INFO [capacityManagement] end correct usage, cost: 0s

2019-05-31 09:44:12,755 WARN clearConfigHistory start

2019-05-31 09:54:12,410 INFO [capacityManagement] start correct usage

2019-05-31 09:54:12,411 INFO [capacityManagement] end correct usage, cost: 0s

2019-05-31 09:54:12,769 WARN clearConfigHistory start

2019-05-31 10:04:12,425 INFO [capacityManagement] start correct usage

2019-05-31 10:04:12,428 INFO [capacityManagement] end correct usage, cost: 0s

2019-05-31 10:04:12,797 WARN clearConfigHistory start

2019-05-31 10:13:39,320 INFO Shutting down ExecutorService 'taskScheduler'

2019-05-31 10:13:39,325 INFO Shutting down ExecutorService 'applicationTaskExecutor'

