2019-05-31 08:54:06,269 INFO [NACOS-PUSH] clientMap size: 0

2019-05-31 08:54:26,270 INFO [NACOS-PUSH] clientMap size: 0

2019-05-31 08:54:46,272 INFO [NACOS-PUSH] clientMap size: 0

2019-05-31 08:55:06,273 INFO [NACOS-PUSH] clientMap size: 0

2019-05-31 08:55:26,274 INFO [NACOS-PUSH] clientMap size: 0

2019-05-31 08:55:46,276 INFO [NACOS-PUSH] clientMap size: 0

2019-05-31 08:56:06,284 INFO [NACOS-PUSH] clientMap size: 0

2019-05-31 08:56:26,285 INFO [NACOS-PUSH] clientMap size: 0

2019-05-31 08:56:46,286 INFO [NACOS-PUSH] clientMap size: 0

2019-05-31 08:57:06,287 INFO [NACOS-PUSH] clientMap size: 0

2019-05-31 08:57:26,288 INFO [NACOS-PUSH] clientMap size: 0

2019-05-31 08:57:46,290 INFO [NACOS-PUSH] clientMap size: 0

2019-05-31 08:58:06,292 INFO [NACOS-PUSH] clientMap size: 0

2019-05-31 08:58:26,296 INFO [NACOS-PUSH] clientMap size: 0

2019-05-31 08:58:46,297 INFO [NACOS-PUSH] clientMap size: 0

2019-05-31 08:59:06,298 INFO [NACOS-PUSH] clientMap size: 0

2019-05-31 08:59:26,299 INFO [NACOS-PUSH] clientMap size: 0

2019-05-31 08:59:46,301 INFO [NACOS-PUSH] clientMap size: 0

2019-05-31 09:00:06,303 INFO [NACOS-PUSH] clientMap size: 0

2019-05-31 09:00:26,305 INFO [NACOS-PUSH] clientMap size: 0

2019-05-31 09:00:46,306 INFO [NACOS-PUSH] clientMap size: 0

2019-05-31 09:01:06,311 INFO [NACOS-PUSH] clientMap size: 0

2019-05-31 09:01:26,399 INFO [NACOS-PUSH] clientMap size: 0

2019-05-31 09:01:46,400 INFO [NACOS-PUSH] clientMap size: 0

2019-05-31 09:02:06,401 INFO [NACOS-PUSH] clientMap size: 0

2019-05-31 09:02:26,403 INFO [NACOS-PUSH] clientMap size: 0

2019-05-31 09:02:46,405 INFO [NACOS-PUSH] clientMap size: 0

2019-05-31 09:03:06,406 INFO [NACOS-PUSH] clientMap size: 0

2019-05-31 09:03:26,407 INFO [NACOS-PUSH] clientMap size: 0

2019-05-31 09:03:46,408 INFO [NACOS-PUSH] clientMap size: 0

2019-05-31 09:04:06,408 INFO [NACOS-PUSH] clientMap size: 0

2019-05-31 09:04:26,410 INFO [NACOS-PUSH] clientMap size: 0

2019-05-31 09:04:46,412 INFO [NACOS-PUSH] clientMap size: 0

2019-05-31 09:05:06,415 INFO [NACOS-PUSH] clientMap size: 0

2019-05-31 09:05:26,423 INFO [NACOS-PUSH] clientMap size: 0

2019-05-31 09:05:46,424 INFO [NACOS-PUSH] clientMap size: 0

2019-05-31 09:06:06,425 INFO [NACOS-PUSH] clientMap size: 0

2019-05-31 09:06:26,426 INFO [NACOS-PUSH] clientMap size: 0

2019-05-31 09:06:46,427 INFO [NACOS-PUSH] clientMap size: 0

2019-05-31 09:07:06,429 INFO [NACOS-PUSH] clientMap size: 0

2019-05-31 09:07:26,430 INFO [NACOS-PUSH] clientMap size: 0

2019-05-31 09:07:46,431 INFO [NACOS-PUSH] clientMap size: 0

2019-05-31 09:08:06,432 INFO [NACOS-PUSH] clientMap size: 0

2019-05-31 09:08:26,433 INFO [NACOS-PUSH] clientMap size: 0

2019-05-31 09:08:46,434 INFO [NACOS-PUSH] clientMap size: 0

2019-05-31 09:09:06,435 INFO [NACOS-PUSH] clientMap size: 0

2019-05-31 09:09:26,438 INFO [NACOS-PUSH] clientMap size: 0

2019-05-31 09:09:46,439 INFO [NACOS-PUSH] clientMap size: 0

2019-05-31 09:10:06,440 INFO [NACOS-PUSH] clientMap size: 0

2019-05-31 09:10:26,464 INFO [NACOS-PUSH] clientMap size: 0

2019-05-31 09:10:46,465 INFO [NACOS-PUSH] clientMap size: 0

2019-05-31 09:11:06,478 INFO [NACOS-PUSH] clientMap size: 0

2019-05-31 09:11:26,478 INFO [NACOS-PUSH] clientMap size: 0

2019-05-31 09:11:46,488 INFO [NACOS-PUSH] clientMap size: 0

2019-05-31 09:12:06,497 INFO [NACOS-PUSH] clientMap size: 0

2019-05-31 09:12:26,498 INFO [NACOS-PUSH] clientMap size: 0

2019-05-31 09:12:46,500 INFO [NACOS-PUSH] clientMap size: 0

2019-05-31 09:13:06,501 INFO [NACOS-PUSH] clientMap size: 0

2019-05-31 09:13:26,502 INFO [NACOS-PUSH] clientMap size: 0

2019-05-31 09:13:46,503 INFO [NACOS-PUSH] clientMap size: 0

2019-05-31 09:14:06,505 INFO [NACOS-PUSH] clientMap size: 0

2019-05-31 09:14:26,506 INFO [NACOS-PUSH] clientMap size: 0

2019-05-31 09:14:46,508 INFO [NACOS-PUSH] clientMap size: 0

2019-05-31 09:15:06,509 INFO [NACOS-PUSH] clientMap size: 0

2019-05-31 09:15:26,510 INFO [NACOS-PUSH] clientMap size: 0

2019-05-31 09:15:46,519 INFO [NACOS-PUSH] clientMap size: 0

2019-05-31 09:16:06,522 INFO [NACOS-PUSH] clientMap size: 0

2019-05-31 09:16:26,524 INFO [NACOS-PUSH] clientMap size: 0

2019-05-31 09:16:46,526 INFO [NACOS-PUSH] clientMap size: 0

2019-05-31 09:17:06,528 INFO [NACOS-PUSH] clientMap size: 0

2019-05-31 09:17:26,529 INFO [NACOS-PUSH] clientMap size: 0

2019-05-31 09:17:46,530 INFO [NACOS-PUSH] clientMap size: 0

2019-05-31 09:18:06,531 INFO [NACOS-PUSH] clientMap size: 0

2019-05-31 09:18:26,531 INFO [NACOS-PUSH] clientMap size: 0

2019-05-31 09:18:46,534 INFO [NACOS-PUSH] clientMap size: 0

2019-05-31 09:19:06,535 INFO [NACOS-PUSH] clientMap size: 0

2019-05-31 09:19:26,536 INFO [NACOS-PUSH] clientMap size: 0

2019-05-31 09:19:46,537 INFO [NACOS-PUSH] clientMap size: 0

2019-05-31 09:20:06,540 INFO [NACOS-PUSH] clientMap size: 0

2019-05-31 09:20:26,541 INFO [NACOS-PUSH] clientMap size: 0

2019-05-31 09:20:46,542 INFO [NACOS-PUSH] clientMap size: 0

2019-05-31 09:21:06,544 INFO [NACOS-PUSH] clientMap size: 0

2019-05-31 09:21:26,545 INFO [NACOS-PUSH] clientMap size: 0

2019-05-31 09:21:46,546 INFO [NACOS-PUSH] clientMap size: 0

2019-05-31 09:22:06,547 INFO [NACOS-PUSH] clientMap size: 0

2019-05-31 09:22:09,478 INFO DEFAULT_GROUP@@nacos-discovery-server is changed, add it to push queue.

2019-05-31 09:22:26,548 INFO [NACOS-PUSH] clientMap size: 0

2019-05-31 09:22:46,549 INFO [NACOS-PUSH] clientMap size: 1

2019-05-31 09:23:06,550 INFO [NACOS-PUSH] clientMap size: 1

2019-05-31 09:23:26,553 INFO [NACOS-PUSH] clientMap size: 1

2019-05-31 09:23:39,416 INFO DEFAULT_GROUP@@nacos-discovery-server is changed, add it to push queue.

2019-05-31 09:23:44,204 INFO DEFAULT_GROUP@@nacos-discovery-server is changed, add it to push queue.

2019-05-31 09:23:44,205 INFO serviceName: DEFAULT_GROUP@@nacos-discovery-server changed, schedule push for: 192.168.25.218:62201, agent: Nacos-Java-Client:v1.0.0, key: 192.168.25.218,62201,3111401066916

2019-05-31 09:23:44,205 INFO send udp packet: 192.168.25.218,62201,3111401066916

2019-05-31 09:23:44,220 INFO received ack: {"type": "push-ack", "lastRefTime":"3111401066916", "data":""} from: 192.168.25.218:, cost: 62201 ms, unacked: 15, total push: 0

2019-05-31 09:23:46,558 INFO [NACOS-PUSH] clientMap size: 1

2019-05-31 09:24:06,559 INFO [NACOS-PUSH] clientMap size: 1

2019-05-31 09:24:26,560 INFO [NACOS-PUSH] clientMap size: 1

2019-05-31 09:24:33,368 INFO DEFAULT_GROUP@@nacos-discovery-server is changed, add it to push queue.

2019-05-31 09:24:46,562 INFO [NACOS-PUSH] clientMap size: 0

2019-05-31 09:24:50,413 INFO DEFAULT_GROUP@@nacos-discovery-server is changed, add it to push queue.

2019-05-31 09:24:50,414 INFO serviceName: DEFAULT_GROUP@@nacos-discovery-server changed, schedule push for: 192.168.25.218:55425, agent: Nacos-Java-Client:v1.0.0, key: 192.168.25.218,55425,3177609612525

2019-05-31 09:24:50,414 INFO send udp packet: 192.168.25.218,55425,3177609612525

2019-05-31 09:24:50,426 INFO received ack: {"type": "push-ack", "lastRefTime":"3177609612525", "data":""} from: 192.168.25.218:, cost: 55425 ms, unacked: 12, total push: 0

2019-05-31 09:25:06,563 INFO [NACOS-PUSH] clientMap size: 1

2019-05-31 09:25:26,564 INFO [NACOS-PUSH] clientMap size: 1

2019-05-31 09:25:46,567 INFO [NACOS-PUSH] clientMap size: 1

2019-05-31 09:26:06,568 INFO [NACOS-PUSH] clientMap size: 1

2019-05-31 09:26:26,569 INFO [NACOS-PUSH] clientMap size: 1

2019-05-31 09:26:46,570 INFO [NACOS-PUSH] clientMap size: 1

2019-05-31 09:27:06,571 INFO [NACOS-PUSH] clientMap size: 1

2019-05-31 09:27:26,572 INFO [NACOS-PUSH] clientMap size: 1

2019-05-31 09:27:32,700 INFO DEFAULT_GROUP@@nacos-discovery-client-feign is changed, add it to push queue.

2019-05-31 09:27:46,574 INFO [NACOS-PUSH] clientMap size: 2

2019-05-31 09:28:06,577 INFO [NACOS-PUSH] clientMap size: 4

2019-05-31 09:28:26,578 INFO [NACOS-PUSH] clientMap size: 4

2019-05-31 09:28:46,579 INFO [NACOS-PUSH] clientMap size: 4

2019-05-31 09:29:06,580 INFO [NACOS-PUSH] clientMap size: 4

2019-05-31 09:29:26,581 INFO [NACOS-PUSH] clientMap size: 4

2019-05-31 09:29:46,582 INFO [NACOS-PUSH] clientMap size: 4

2019-05-31 09:30:06,583 INFO [NACOS-PUSH] clientMap size: 4

2019-05-31 09:30:26,585 INFO [NACOS-PUSH] clientMap size: 4

2019-05-31 09:30:46,587 INFO [NACOS-PUSH] clientMap size: 4

2019-05-31 09:31:06,589 INFO [NACOS-PUSH] clientMap size: 4

2019-05-31 09:31:26,590 INFO [NACOS-PUSH] clientMap size: 4

2019-05-31 09:31:46,591 INFO [NACOS-PUSH] clientMap size: 4

2019-05-31 09:32:06,592 INFO [NACOS-PUSH] clientMap size: 4

2019-05-31 09:32:26,593 INFO [NACOS-PUSH] clientMap size: 4

2019-05-31 09:32:46,600 INFO [NACOS-PUSH] clientMap size: 4

2019-05-31 09:33:06,602 INFO [NACOS-PUSH] clientMap size: 4

2019-05-31 09:33:26,603 INFO [NACOS-PUSH] clientMap size: 4

2019-05-31 09:33:46,604 INFO [NACOS-PUSH] clientMap size: 4

2019-05-31 09:34:06,605 INFO [NACOS-PUSH] clientMap size: 4

2019-05-31 09:34:26,607 INFO [NACOS-PUSH] clientMap size: 4

2019-05-31 09:34:46,608 INFO [NACOS-PUSH] clientMap size: 4

2019-05-31 09:35:06,610 INFO [NACOS-PUSH] clientMap size: 4

2019-05-31 09:35:26,611 INFO [NACOS-PUSH] clientMap size: 4

2019-05-31 09:35:46,612 INFO [NACOS-PUSH] clientMap size: 4

2019-05-31 09:36:06,613 INFO [NACOS-PUSH] clientMap size: 4

2019-05-31 09:36:26,614 INFO [NACOS-PUSH] clientMap size: 4

2019-05-31 09:36:46,619 INFO [NACOS-PUSH] clientMap size: 4

2019-05-31 09:37:06,620 INFO [NACOS-PUSH] clientMap size: 4

2019-05-31 09:37:26,622 INFO [NACOS-PUSH] clientMap size: 4

2019-05-31 09:37:46,623 INFO [NACOS-PUSH] clientMap size: 4

2019-05-31 09:38:06,624 INFO [NACOS-PUSH] clientMap size: 4

2019-05-31 09:38:26,625 INFO [NACOS-PUSH] clientMap size: 4

2019-05-31 09:38:46,626 INFO [NACOS-PUSH] clientMap size: 4

2019-05-31 09:39:06,627 INFO [NACOS-PUSH] clientMap size: 4

2019-05-31 09:39:26,629 INFO [NACOS-PUSH] clientMap size: 4

2019-05-31 09:39:46,629 INFO [NACOS-PUSH] clientMap size: 4

2019-05-31 09:40:06,631 INFO [NACOS-PUSH] clientMap size: 4

2019-05-31 09:40:26,632 INFO [NACOS-PUSH] clientMap size: 4

2019-05-31 09:40:46,633 INFO [NACOS-PUSH] clientMap size: 4

2019-05-31 09:41:06,634 INFO [NACOS-PUSH] clientMap size: 4

2019-05-31 09:41:26,635 INFO [NACOS-PUSH] clientMap size: 4

2019-05-31 09:41:46,637 INFO [NACOS-PUSH] clientMap size: 4

2019-05-31 09:42:06,638 INFO [NACOS-PUSH] clientMap size: 4

2019-05-31 09:42:26,639 INFO [NACOS-PUSH] clientMap size: 4

2019-05-31 09:42:46,640 INFO [NACOS-PUSH] clientMap size: 4

2019-05-31 09:43:06,641 INFO [NACOS-PUSH] clientMap size: 4

2019-05-31 09:43:26,642 INFO [NACOS-PUSH] clientMap size: 4

2019-05-31 09:43:46,644 INFO [NACOS-PUSH] clientMap size: 4

2019-05-31 09:44:06,646 INFO [NACOS-PUSH] clientMap size: 4

2019-05-31 09:44:26,647 INFO [NACOS-PUSH] clientMap size: 4

2019-05-31 09:44:46,648 INFO [NACOS-PUSH] clientMap size: 4

2019-05-31 09:45:06,650 INFO [NACOS-PUSH] clientMap size: 4

2019-05-31 09:45:26,652 INFO [NACOS-PUSH] clientMap size: 4

2019-05-31 09:45:46,653 INFO [NACOS-PUSH] clientMap size: 4

2019-05-31 09:46:06,656 INFO [NACOS-PUSH] clientMap size: 4

2019-05-31 09:46:26,658 INFO [NACOS-PUSH] clientMap size: 4

2019-05-31 09:46:46,659 INFO [NACOS-PUSH] clientMap size: 4

2019-05-31 09:47:06,660 INFO [NACOS-PUSH] clientMap size: 4

2019-05-31 09:47:26,661 INFO [NACOS-PUSH] clientMap size: 4

2019-05-31 09:47:46,663 INFO [NACOS-PUSH] clientMap size: 4

2019-05-31 09:48:06,664 INFO [NACOS-PUSH] clientMap size: 4

2019-05-31 09:48:26,665 INFO [NACOS-PUSH] clientMap size: 4

2019-05-31 09:48:46,667 INFO [NACOS-PUSH] clientMap size: 4

2019-05-31 09:49:06,668 INFO [NACOS-PUSH] clientMap size: 4

2019-05-31 09:49:26,670 INFO [NACOS-PUSH] clientMap size: 4

2019-05-31 09:49:46,671 INFO [NACOS-PUSH] clientMap size: 4

2019-05-31 09:50:06,672 INFO [NACOS-PUSH] clientMap size: 4

2019-05-31 09:50:26,673 INFO [NACOS-PUSH] clientMap size: 4

2019-05-31 09:50:46,674 INFO [NACOS-PUSH] clientMap size: 4

2019-05-31 09:51:06,676 INFO [NACOS-PUSH] clientMap size: 4

2019-05-31 09:51:26,677 INFO [NACOS-PUSH] clientMap size: 4

2019-05-31 09:51:46,678 INFO [NACOS-PUSH] clientMap size: 4

2019-05-31 09:52:06,679 INFO [NACOS-PUSH] clientMap size: 4

2019-05-31 09:52:26,680 INFO [NACOS-PUSH] clientMap size: 4

2019-05-31 09:52:46,681 INFO [NACOS-PUSH] clientMap size: 4

2019-05-31 09:53:06,682 INFO [NACOS-PUSH] clientMap size: 4

2019-05-31 09:53:26,684 INFO [NACOS-PUSH] clientMap size: 4

2019-05-31 09:53:46,685 INFO [NACOS-PUSH] clientMap size: 4

2019-05-31 09:54:06,686 INFO [NACOS-PUSH] clientMap size: 4

2019-05-31 09:54:26,687 INFO [NACOS-PUSH] clientMap size: 4

2019-05-31 09:54:46,688 INFO [NACOS-PUSH] clientMap size: 4

2019-05-31 09:55:06,690 INFO [NACOS-PUSH] clientMap size: 4

2019-05-31 09:55:26,692 INFO [NACOS-PUSH] clientMap size: 4

2019-05-31 09:55:46,694 INFO [NACOS-PUSH] clientMap size: 4

2019-05-31 09:56:06,696 INFO [NACOS-PUSH] clientMap size: 4

2019-05-31 09:56:26,697 INFO [NACOS-PUSH] clientMap size: 4

2019-05-31 09:56:46,698 INFO [NACOS-PUSH] clientMap size: 4

2019-05-31 09:57:06,699 INFO [NACOS-PUSH] clientMap size: 4

2019-05-31 09:57:26,700 INFO [NACOS-PUSH] clientMap size: 4

2019-05-31 09:57:46,701 INFO [NACOS-PUSH] clientMap size: 4

2019-05-31 09:58:06,703 INFO [NACOS-PUSH] clientMap size: 4

2019-05-31 09:58:26,703 INFO [NACOS-PUSH] clientMap size: 4

2019-05-31 09:58:46,704 INFO [NACOS-PUSH] clientMap size: 4

2019-05-31 09:59:06,705 INFO [NACOS-PUSH] clientMap size: 4

2019-05-31 09:59:26,706 INFO [NACOS-PUSH] clientMap size: 4

2019-05-31 09:59:46,707 INFO [NACOS-PUSH] clientMap size: 4

2019-05-31 10:00:06,708 INFO [NACOS-PUSH] clientMap size: 4

2019-05-31 10:00:26,710 INFO [NACOS-PUSH] clientMap size: 4

2019-05-31 10:00:46,711 INFO [NACOS-PUSH] clientMap size: 4

2019-05-31 10:01:06,712 INFO [NACOS-PUSH] clientMap size: 4

2019-05-31 10:01:26,713 INFO [NACOS-PUSH] clientMap size: 4

2019-05-31 10:01:46,714 INFO [NACOS-PUSH] clientMap size: 4

2019-05-31 10:02:06,715 INFO [NACOS-PUSH] clientMap size: 4

2019-05-31 10:02:26,716 INFO [NACOS-PUSH] clientMap size: 4

2019-05-31 10:02:46,718 INFO [NACOS-PUSH] clientMap size: 4

2019-05-31 10:03:06,720 INFO [NACOS-PUSH] clientMap size: 4

2019-05-31 10:03:26,722 INFO [NACOS-PUSH] clientMap size: 4

2019-05-31 10:03:46,723 INFO [NACOS-PUSH] clientMap size: 4

2019-05-31 10:04:06,724 INFO [NACOS-PUSH] clientMap size: 4

2019-05-31 10:04:26,725 INFO [NACOS-PUSH] clientMap size: 4

2019-05-31 10:04:46,726 INFO [NACOS-PUSH] clientMap size: 4

2019-05-31 10:05:06,728 INFO [NACOS-PUSH] clientMap size: 4

2019-05-31 10:05:26,729 INFO [NACOS-PUSH] clientMap size: 4

2019-05-31 10:05:46,730 INFO [NACOS-PUSH] clientMap size: 4

2019-05-31 10:06:06,731 INFO [NACOS-PUSH] clientMap size: 4

2019-05-31 10:06:26,732 INFO [NACOS-PUSH] clientMap size: 4

2019-05-31 10:06:46,733 INFO [NACOS-PUSH] clientMap size: 4

2019-05-31 10:07:06,734 INFO [NACOS-PUSH] clientMap size: 4

2019-05-31 10:07:26,736 INFO [NACOS-PUSH] clientMap size: 4

2019-05-31 10:07:46,737 INFO [NACOS-PUSH] clientMap size: 4

2019-05-31 10:08:06,738 INFO [NACOS-PUSH] clientMap size: 4

2019-05-31 10:08:26,739 INFO [NACOS-PUSH] clientMap size: 4

2019-05-31 10:08:46,740 INFO [NACOS-PUSH] clientMap size: 4

2019-05-31 10:09:06,742 INFO [NACOS-PUSH] clientMap size: 4

2019-05-31 10:09:26,786 INFO [NACOS-PUSH] clientMap size: 4

2019-05-31 10:09:46,790 INFO [NACOS-PUSH] clientMap size: 4

2019-05-31 10:10:06,806 INFO [NACOS-PUSH] clientMap size: 4

2019-05-31 10:10:26,807 INFO [NACOS-PUSH] clientMap size: 4

2019-05-31 10:10:46,808 INFO [NACOS-PUSH] clientMap size: 4

2019-05-31 10:11:06,809 INFO [NACOS-PUSH] clientMap size: 4

2019-05-31 10:11:26,813 INFO [NACOS-PUSH] clientMap size: 4

2019-05-31 10:11:46,814 INFO [NACOS-PUSH] clientMap size: 4

2019-05-31 10:12:06,816 INFO [NACOS-PUSH] clientMap size: 4

2019-05-31 10:12:26,817 INFO [NACOS-PUSH] clientMap size: 4

2019-05-31 10:12:46,818 INFO [NACOS-PUSH] clientMap size: 4

2019-05-31 10:13:06,819 INFO [NACOS-PUSH] clientMap size: 4

2019-05-31 10:13:26,820 INFO [NACOS-PUSH] clientMap size: 4

