2019-05-31 08:54:06,274 INFO listen for service meta change

2019-05-31 08:54:20,038 INFO [SERVER-INIT] got port: 8848

2019-05-31 08:54:20,038 INFO [SERVER-INIT] got path: /nacos

2019-05-31 08:54:25,830 INFO [NACOS-DISTRO] healthy server list changed, disable health check for 60000 ms from now on

2019-05-31 08:54:45,466 INFO [HEALTH-CHECK] health check is false

2019-05-31 08:55:25,844 INFO [NACOS-DISTRO] distro threshold restored and stable now, enable health check. current ratio: 1.0

2019-05-31 08:59:45,473 INFO [HEALTH-CHECK] health check is true

2019-05-31 09:04:45,480 INFO [HEALTH-CHECK] health check is true

2019-05-31 09:09:45,487 INFO [HEALTH-CHECK] health check is true

2019-05-31 09:14:45,494 INFO [HEALTH-CHECK] health check is true

2019-05-31 09:19:45,501 INFO [HEALTH-CHECK] health check is true

2019-05-31 09:22:08,391 INFO creating empty service public:DEFAULT_GROUP@@nacos-discovery-server

2019-05-31 09:22:08,429 WARN cluster: DEFAULT not found, ip: {"app":"DEFAULT","clusterName":"DEFAULT","enabled":true,"ephemeral":true,"healthy":true,"instanceId":"192.168.25.218#8001#DEFAULT#DEFAULT_GROUP@@nacos-discovery-server","ip":"192.168.25.218","lastBeat":1559265728370,"marked":false,"metadata":{"preserved.register.source":"SPRING_CLOUD"},"port":8001,"serviceName":"DEFAULT_GROUP@@nacos-discovery-server","tenant":"","weight":1}, will create new cluster with default configuration.

2019-05-31 09:22:08,453 INFO [NACOS-RAFT] datum is changed, key: com.alibaba.nacos.naming.iplist.ephemeral.public##DEFAULT_GROUP@@nacos-discovery-server, value: {"cachedChecksum":"","instanceList":[{"app":"DEFAULT","clusterName":"DEFAULT","enabled":true,"ephemeral":true,"healthy":true,"instanceId":"192.168.25.218#8001#DEFAULT#DEFAULT_GROUP@@nacos-discovery-server","ip":"192.168.25.218","lastBeat":1559265728370,"marked":false,"metadata":{"preserved.register.source":"SPRING_CLOUD"},"port":8001,"serviceName":"DEFAULT_GROUP@@nacos-discovery-server","tenant":"","weight":1}]}

2019-05-31 09:23:43,191 WARN protect threshold reached, return all ips, service: DEFAULT_GROUP@@nacos-discovery-server

2019-05-31 09:24:32,368 INFO [NACOS-RAFT] datum is changed, key: com.alibaba.nacos.naming.iplist.ephemeral.public##DEFAULT_GROUP@@nacos-discovery-server, value: {"cachedChecksum":"","instanceList":[]}

2019-05-31 09:24:45,508 INFO [HEALTH-CHECK] health check is true

2019-05-31 09:24:49,406 INFO [NACOS-RAFT] datum is changed, key: com.alibaba.nacos.naming.iplist.ephemeral.public##DEFAULT_GROUP@@nacos-discovery-server, value: {"cachedChecksum":"","instanceList":[{"app":"DEFAULT","clusterName":"DEFAULT","enabled":true,"ephemeral":true,"healthy":true,"instanceId":"192.168.25.218#8001#DEFAULT#DEFAULT_GROUP@@nacos-discovery-server","ip":"192.168.25.218","lastBeat":1559265889406,"marked":false,"metadata":{"preserved.register.source":"SPRING_CLOUD"},"port":8001,"serviceName":"DEFAULT_GROUP@@nacos-discovery-server","tenant":"","weight":1}]}

2019-05-31 09:27:31,698 INFO creating empty service public:DEFAULT_GROUP@@nacos-discovery-client-feign

2019-05-31 09:27:31,698 WARN cluster: DEFAULT not found, ip: {"app":"DEFAULT","clusterName":"DEFAULT","enabled":true,"ephemeral":true,"healthy":true,"instanceId":"192.168.25.218#9003#DEFAULT#DEFAULT_GROUP@@nacos-discovery-client-feign","ip":"192.168.25.218","lastBeat":1559266051698,"marked":false,"metadata":{"preserved.register.source":"SPRING_CLOUD"},"port":9003,"serviceName":"DEFAULT_GROUP@@nacos-discovery-client-feign","tenant":"","weight":1}, will create new cluster with default configuration.

2019-05-31 09:27:31,699 INFO [NACOS-RAFT] datum is changed, key: com.alibaba.nacos.naming.iplist.ephemeral.public##DEFAULT_GROUP@@nacos-discovery-client-feign, value: {"cachedChecksum":"","instanceList":[{"app":"DEFAULT","clusterName":"DEFAULT","enabled":true,"ephemeral":true,"healthy":true,"instanceId":"192.168.25.218#9003#DEFAULT#DEFAULT_GROUP@@nacos-discovery-client-feign","ip":"192.168.25.218","lastBeat":1559266051698,"marked":false,"metadata":{"preserved.register.source":"SPRING_CLOUD"},"port":9003,"serviceName":"DEFAULT_GROUP@@nacos-discovery-client-feign","tenant":"","weight":1}]}

2019-05-31 09:29:45,515 INFO [HEALTH-CHECK] health check is true

2019-05-31 09:34:45,522 INFO [HEALTH-CHECK] health check is true

2019-05-31 09:39:45,530 INFO [HEALTH-CHECK] health check is true

2019-05-31 09:44:45,537 INFO [HEALTH-CHECK] health check is true

2019-05-31 09:49:45,544 INFO [HEALTH-CHECK] health check is true

2019-05-31 09:54:45,551 INFO [HEALTH-CHECK] health check is true

2019-05-31 09:59:45,558 INFO [HEALTH-CHECK] health check is true

2019-05-31 10:04:45,565 INFO [HEALTH-CHECK] health check is true

2019-05-31 10:09:45,573 INFO [HEALTH-CHECK] health check is true

